[10/26 14:48:58.565 TID:8196] [uart.cpp:31] [error] Error opening /dev/ttyUSB0
[10/26 14:48:58.565 TID:8196] [subsystem.cpp:12] [info] Initializing system RCE_Serial_Comm
[10/26 14:48:58.565 TID:8196] [subsystem.cpp:12] [info] Initializing system Radio_Telnet
[10/26 14:49:20.670 TID:8196] [main_control.cpp:139] [info] Stopping RCO Monitor - execution time 22105.69564 ms
[10/26 14:49:20.670 TID:8196] [threaded_fd.cpp:165] [info] Thread stopped by stop!
[10/26 14:49:20.670 TID:8196] [subsystem.cpp:17] [info] Releasing system RCE_Serial_Comm
[10/26 14:49:20.670 TID:8196] [subsystem.cpp:17] [info] Releasing system Radio_Telnet
[10/26 14:57:30.467 TID:8748] [uart.cpp:31] [error] Error opening /dev/ttyUSB0
[10/26 14:57:30.467 TID:8748] [subsystem.cpp:12] [info] Initializing system RCE_Serial_Comm
[10/26 14:57:30.467 TID:8748] [subsystem.cpp:12] [info] Initializing system Radio_Telnet
[10/26 14:57:42.593 TID:8748] [main_control.cpp:139] [info] Stopping RCO Monitor - execution time 12126.252103 ms
[10/26 14:57:42.593 TID:8748] [threaded_fd.cpp:165] [info] Thread stopped by stop!
[10/26 14:57:42.593 TID:8748] [subsystem.cpp:17] [info] Releasing system RCE_Serial_Comm
[10/26 14:57:42.593 TID:8748] [subsystem.cpp:17] [info] Releasing system Radio_Telnet
[10/26 14:57:57.101 TID:8886] [uart.cpp:31] [error] Error opening /dev/ttyUSB0
[10/26 14:57:57.101 TID:8886] [subsystem.cpp:12] [info] Initializing system RCE_Serial_Comm
[10/26 14:57:57.101 TID:8886] [subsystem.cpp:12] [info] Initializing system Radio_Telnet
[10/26 14:58:29.142 TID:8886] [main_control.cpp:139] [info] Stopping RCO Monitor - execution time 32041.466492 ms
[10/26 14:58:29.142 TID:8886] [threaded_fd.cpp:165] [info] Thread stopped by stop!
[10/26 14:58:29.142 TID:8886] [subsystem.cpp:17] [info] Releasing system RCE_Serial_Comm
[10/26 14:58:29.142 TID:8886] [subsystem.cpp:17] [info] Releasing system Radio_Telnet
[10/26 15:00:46.571 TID:9287] [subsystem.cpp:12] [info] Initializing system RCE_Serial_Comm
[10/26 15:00:46.571 TID:9287] [uart.cpp:31] [error] Error opening /dev/ttyUSB0
[10/26 15:00:46.571 TID:9287] [subsystem.cpp:12] [info] Initializing system Radio_Telnet
[10/26 15:00:54.163 TID:9287] [main_control.cpp:139] [info] Stopping RCO Monitor - execution time 7591.409511 ms
[10/26 15:00:54.163 TID:9287] [subsystem.cpp:17] [info] Releasing system RCE_Serial_Comm
[10/26 15:00:54.163 TID:9287] [threaded_fd.cpp:165] [info] Thread stopped by stop!
[10/26 15:00:54.163 TID:9287] [subsystem.cpp:17] [info] Releasing system Radio_Telnet
[10/26 15:40:11.607 TID:12325] [subsystem.cpp:12] [info] Initializing system RCE_Serial_Comm
[10/26 15:40:11.607 TID:12325] [uart.cpp:31] [error] Error opening /dev/ttyUSB0
[10/26 15:40:11.608 TID:12328] [threaded_fd.cpp:263] [info] Starting thread...
[10/26 15:45:52.237 TID:12750] [subsystem.cpp:12] [info] Initializing system RCE_Serial_Comm
[10/26 15:45:52.237 TID:12750] [uart.cpp:31] [error] Error opening /dev/ttyUSB0
[10/26 15:45:52.238 TID:12753] [threaded_fd.cpp:263] [info] Starting thread...
[10/26 15:46:48.019 TID:12949] [subsystem.cpp:12] [info] Initializing system RCE_Serial_Comm
[10/26 15:46:48.019 TID:12949] [uart.cpp:31] [error] Error opening /dev/ttyUSB0
[10/26 15:46:48.020 TID:12952] [threaded_fd.cpp:263] [info] Starting thread...
[10/26 15:47:10.294 TID:12949] [main_control.cpp:139] [info] Stopping RCO Monitor - execution time 22275.453343 ms
[10/26 15:47:10.294 TID:12949] [subsystem.cpp:17] [info] Releasing system RCE_Serial_Comm
[10/26 15:47:10.294 TID:12949] [threaded_fd.cpp:165] [info] Thread stopped by stop!
[10/26 15:47:10.294 TID:12949] [subsystem.cpp:17] [info] Releasing system Radio_Telnet
[10/26 15:47:10.294 TID:12949] [threaded_fd.cpp:165] [info] Thread stopped by stop!
[10/26 15:47:54.723 TID:13170] [subsystem.cpp:12] [info] Initializing system RCE_Serial_Comm
[10/26 15:47:54.723 TID:13170] [uart.cpp:31] [error] Error opening /dev/ttyUSB0
[10/26 15:47:54.724 TID:13173] [threaded_fd.cpp:263] [info] Starting thread...
